2022-05-27T08:37:18.166168Z mysqld_safe Logging to '/var/lib/mysql/38c42a16461c.err'.
2022-05-27T08:37:18.178247Z mysqld_safe Starting mysqld daemon with databases from /var/lib/mysql
2022-05-27T08:37:18.526349Z 0 [Warning] TIMESTAMP with implicit DEFAULT value is deprecated. Please use --explicit_defaults_for_timestamp server option (see documentation for more details).
2022-05-27T08:37:18.541651Z 0 [Note] /usr/sbin/mysqld (mysqld 5.7.38) starting as process 264 ...
2022-05-27T08:37:18.547036Z 0 [Warning] Setting lower_case_table_names=2 because file system for /var/lib/mysql/ is case insensitive
2022-05-27T08:37:18.562303Z 0 [Note] InnoDB: PUNCH HOLE support available
2022-05-27T08:37:18.562558Z 0 [Note] InnoDB: Mutexes and rw_locks use GCC atomic builtins
2022-05-27T08:37:18.562731Z 0 [Note] InnoDB: Uses event mutexes
2022-05-27T08:37:18.562942Z 0 [Note] InnoDB: GCC builtin __atomic_thread_fence() is used for memory barrier
2022-05-27T08:37:18.563114Z 0 [Note] InnoDB: Compressed tables use zlib 1.2.11
2022-05-27T08:37:18.563237Z 0 [Note] InnoDB: Using Linux native AIO
2022-05-27T08:37:18.564915Z 0 [Note] InnoDB: Number of pools: 1
2022-05-27T08:37:18.566034Z 0 [Note] InnoDB: Using CPU crc32 instructions
2022-05-27T08:37:18.579195Z 0 [Note] InnoDB: Initializing buffer pool, total size = 128M, instances = 1, chunk size = 128M
2022-05-27T08:37:18.615745Z 0 [Note] InnoDB: Completed initialization of buffer pool
2022-05-27T08:37:18.636641Z 0 [Note] InnoDB: If the mysqld execution user is authorized, page cleaner thread priority can be changed. See the man page of setpriority().
2022-05-27T08:37:18.672567Z 0 [Note] InnoDB: Highest supported file format is Barracuda.
2022-05-27T08:37:18.686401Z 0 [Note] InnoDB: Log scan progressed past the checkpoint lsn 13358472
2022-05-27T08:37:18.686563Z 0 [Note] InnoDB: Doing recovery: scanned up to log sequence number 13358481
2022-05-27T08:37:18.686693Z 0 [Note] InnoDB: Database was not shutdown normally!
2022-05-27T08:37:18.686822Z 0 [Note] InnoDB: Starting crash recovery.
2022-05-27T08:37:19.023821Z 0 [Note] InnoDB: Removed temporary tablespace data file: "ibtmp1"
2022-05-27T08:37:19.023952Z 0 [Note] InnoDB: Creating shared tablespace for temporary tables
2022-05-27T08:37:19.025165Z 0 [Note] InnoDB: Setting file './ibtmp1' size to 12 MB. Physically writing the file full; Please wait ...
2022-05-27T08:37:19.228795Z 0 [Note] InnoDB: File './ibtmp1' size is now 12 MB.
2022-05-27T08:37:19.232267Z 0 [Note] InnoDB: 96 redo rollback segment(s) found. 96 redo rollback segment(s) are active.
2022-05-27T08:37:19.232422Z 0 [Note] InnoDB: 32 non-redo rollback segment(s) are active.
2022-05-27T08:37:19.233043Z 0 [Note] InnoDB: 5.7.38 started; log sequence number 13358481
2022-05-27T08:37:19.233370Z 0 [Note] Plugin 'FEDERATED' is disabled.
2022-05-27T08:37:19.234600Z 0 [Note] InnoDB: Loading buffer pool(s) from /var/lib/mysql/ib_buffer_pool
2022-05-27T08:37:19.274224Z 0 [Note] InnoDB: Buffer pool(s) load completed at 220527  8:37:19
2022-05-27T08:37:19.279632Z 0 [Note] Found ca.pem, server-cert.pem and server-key.pem in data directory. Trying to enable SSL support using them.
2022-05-27T08:37:19.279732Z 0 [Note] Skipping generation of SSL certificates as certificate files are present in data directory.
2022-05-27T08:37:19.279821Z 0 [Warning] A deprecated TLS version TLSv1 is enabled. Please use TLSv1.2 or higher.
2022-05-27T08:37:19.279908Z 0 [Warning] A deprecated TLS version TLSv1.1 is enabled. Please use TLSv1.2 or higher.
2022-05-27T08:37:19.283175Z 0 [Warning] CA certificate ca.pem is self signed.
2022-05-27T08:37:19.283957Z 0 [Note] Skipping generation of RSA key pair as key files are present in data directory.
2022-05-27T08:37:19.286743Z 0 [Note] Server hostname (bind-address): '*'; port: 3306
2022-05-27T08:37:19.286876Z 0 [Note] IPv6 is available.
2022-05-27T08:37:19.287013Z 0 [Note]   - '::' resolves to '::';
2022-05-27T08:37:19.287127Z 0 [Note] Server socket created on IP: '::'.
2022-05-27T08:37:19.290363Z 0 [Warning] Insecure configuration for --pid-file: Location '/var/run/mysqld' in the path is accessible to all OS users. Consider choosing a different directory.
2022-05-27T08:37:19.567096Z 0 [Note] Event Scheduler: Loaded 0 events
2022-05-27T08:37:19.568254Z 0 [Note] /usr/sbin/mysqld: ready for connections.
Version: '5.7.38'  socket: '/var/run/mysqld/mysqld.sock'  port: 3306  MySQL Community Server (GPL)
2022-05-27T08:37:23.217051Z 5 [Note] Access denied for user 'root'@'localhost' (using password: NO)
2022-05-27T08:37:26.222941Z 6 [Note] Access denied for user 'root'@'localhost' (using password: NO)
2022-05-27T08:40:07.344416Z 4 [Note] Aborted connection 4 to db: 'config' user: 'root' host: '172.20.0.3' (Got an error reading communication packets)
