2022-05-27T08:23:37.392705Z mysqld_safe Logging to '/var/lib/mysql/c52667b37abc.err'.
2022-05-27T08:23:37.405785Z mysqld_safe Starting mysqld daemon with databases from /var/lib/mysql
2022-05-27T08:23:37.740989Z 0 [Warning] TIMESTAMP with implicit DEFAULT value is deprecated. Please use --explicit_defaults_for_timestamp server option (see documentation for more details).
2022-05-27T08:23:37.755671Z 0 [Note] /usr/sbin/mysqld (mysqld 5.7.38) starting as process 264 ...
2022-05-27T08:23:37.760107Z 0 [Warning] Setting lower_case_table_names=2 because file system for /var/lib/mysql/ is case insensitive
2022-05-27T08:23:37.769154Z 0 [Note] InnoDB: PUNCH HOLE support available
2022-05-27T08:23:37.769344Z 0 [Note] InnoDB: Mutexes and rw_locks use GCC atomic builtins
2022-05-27T08:23:37.769477Z 0 [Note] InnoDB: Uses event mutexes
2022-05-27T08:23:37.769599Z 0 [Note] InnoDB: GCC builtin __atomic_thread_fence() is used for memory barrier
2022-05-27T08:23:37.769711Z 0 [Note] InnoDB: Compressed tables use zlib 1.2.11
2022-05-27T08:23:37.769823Z 0 [Note] InnoDB: Using Linux native AIO
2022-05-27T08:23:37.770427Z 0 [Note] InnoDB: Number of pools: 1
2022-05-27T08:23:37.770947Z 0 [Note] InnoDB: Using CPU crc32 instructions
2022-05-27T08:23:37.779839Z 0 [Note] InnoDB: Initializing buffer pool, total size = 128M, instances = 1, chunk size = 128M
2022-05-27T08:23:37.815459Z 0 [Note] InnoDB: Completed initialization of buffer pool
2022-05-27T08:23:37.829333Z 0 [Note] InnoDB: If the mysqld execution user is authorized, page cleaner thread priority can be changed. See the man page of setpriority().
2022-05-27T08:23:37.860561Z 0 [Note] InnoDB: Highest supported file format is Barracuda.
2022-05-27T08:23:38.097454Z 0 [Note] InnoDB: Creating shared tablespace for temporary tables
2022-05-27T08:23:38.098968Z 0 [Note] InnoDB: Setting file './ibtmp1' size to 12 MB. Physically writing the file full; Please wait ...
2022-05-27T08:23:38.307933Z 0 [Note] InnoDB: File './ibtmp1' size is now 12 MB.
2022-05-27T08:23:38.311455Z 0 [Note] InnoDB: 96 redo rollback segment(s) found. 96 redo rollback segment(s) are active.
2022-05-27T08:23:38.311674Z 0 [Note] InnoDB: 32 non-redo rollback segment(s) are active.
2022-05-27T08:23:38.312914Z 0 [Note] InnoDB: 5.7.38 started; log sequence number 13358369
2022-05-27T08:23:38.313705Z 0 [Note] Plugin 'FEDERATED' is disabled.
2022-05-27T08:23:38.314714Z 0 [Note] InnoDB: Loading buffer pool(s) from /var/lib/mysql/ib_buffer_pool
2022-05-27T08:23:38.352562Z 0 [Note] InnoDB: Buffer pool(s) load completed at 220527  8:23:38
2022-05-27T08:23:38.361345Z 0 [Note] Found ca.pem, server-cert.pem and server-key.pem in data directory. Trying to enable SSL support using them.
2022-05-27T08:23:38.361471Z 0 [Note] Skipping generation of SSL certificates as certificate files are present in data directory.
2022-05-27T08:23:38.361588Z 0 [Warning] A deprecated TLS version TLSv1 is enabled. Please use TLSv1.2 or higher.
2022-05-27T08:23:38.361705Z 0 [Warning] A deprecated TLS version TLSv1.1 is enabled. Please use TLSv1.2 or higher.
2022-05-27T08:23:38.365927Z 0 [Warning] CA certificate ca.pem is self signed.
2022-05-27T08:23:38.366974Z 0 [Note] Skipping generation of RSA key pair as key files are present in data directory.
2022-05-27T08:23:38.370237Z 0 [Note] Server hostname (bind-address): '*'; port: 3306
2022-05-27T08:23:38.370423Z 0 [Note] IPv6 is available.
2022-05-27T08:23:38.370563Z 0 [Note]   - '::' resolves to '::';
2022-05-27T08:23:38.370694Z 0 [Note] Server socket created on IP: '::'.
2022-05-27T08:23:38.374089Z 0 [Warning] Insecure configuration for --pid-file: Location '/var/run/mysqld' in the path is accessible to all OS users. Consider choosing a different directory.
2022-05-27T08:23:38.629793Z 0 [Note] Event Scheduler: Loaded 0 events
2022-05-27T08:23:38.630231Z 0 [Note] /usr/sbin/mysqld: ready for connections.
Version: '5.7.38'  socket: '/var/run/mysqld/mysqld.sock'  port: 3306  MySQL Community Server (GPL)
2022-05-27T08:23:41.432065Z 5 [Note] Access denied for user 'root'@'localhost' (using password: NO)
2022-05-27T08:25:53.451248Z 4 [Note] Aborted connection 4 to db: 'config' user: 'root' host: '172.21.0.3' (Got an error reading communication packets)
2022-05-27T08:26:10.879684Z mysqld_safe Logging to '/var/lib/mysql/c52667b37abc.err'.
2022-05-27T08:26:10.897921Z mysqld_safe Starting mysqld daemon with databases from /var/lib/mysql
2022-05-27T08:26:11.076324Z 0 [Warning] TIMESTAMP with implicit DEFAULT value is deprecated. Please use --explicit_defaults_for_timestamp server option (see documentation for more details).
2022-05-27T08:26:11.084070Z 0 [Note] /usr/sbin/mysqld (mysqld 5.7.38) starting as process 270 ...
2022-05-27T08:26:11.089562Z 0 [Warning] Setting lower_case_table_names=2 because file system for /var/lib/mysql/ is case insensitive
2022-05-27T08:26:11.093143Z 0 [Note] InnoDB: PUNCH HOLE support available
2022-05-27T08:26:11.093338Z 0 [Note] InnoDB: Mutexes and rw_locks use GCC atomic builtins
2022-05-27T08:26:11.093483Z 0 [Note] InnoDB: Uses event mutexes
2022-05-27T08:26:11.093629Z 0 [Note] InnoDB: GCC builtin __atomic_thread_fence() is used for memory barrier
2022-05-27T08:26:11.093771Z 0 [Note] InnoDB: Compressed tables use zlib 1.2.11
2022-05-27T08:26:11.093911Z 0 [Note] InnoDB: Using Linux native AIO
2022-05-27T08:26:11.094440Z 0 [Note] InnoDB: Number of pools: 1
2022-05-27T08:26:11.094765Z 0 [Note] InnoDB: Using CPU crc32 instructions
2022-05-27T08:26:11.096685Z 0 [Note] InnoDB: Initializing buffer pool, total size = 128M, instances = 1, chunk size = 128M
2022-05-27T08:26:11.103820Z 0 [Note] InnoDB: Completed initialization of buffer pool
2022-05-27T08:26:11.106312Z 0 [Note] InnoDB: If the mysqld execution user is authorized, page cleaner thread priority can be changed. See the man page of setpriority().
2022-05-27T08:26:11.134588Z 0 [Note] InnoDB: Highest supported file format is Barracuda.
2022-05-27T08:26:11.147940Z 0 [Note] InnoDB: Log scan progressed past the checkpoint lsn 13358388
2022-05-27T08:26:11.148094Z 0 [Note] InnoDB: Doing recovery: scanned up to log sequence number 13358397
2022-05-27T08:26:11.148222Z 0 [Note] InnoDB: Database was not shutdown normally!
2022-05-27T08:26:11.148340Z 0 [Note] InnoDB: Starting crash recovery.
2022-05-27T08:26:11.449838Z 0 [Note] InnoDB: Removed temporary tablespace data file: "ibtmp1"
2022-05-27T08:26:11.449968Z 0 [Note] InnoDB: Creating shared tablespace for temporary tables
2022-05-27T08:26:11.451329Z 0 [Note] InnoDB: Setting file './ibtmp1' size to 12 MB. Physically writing the file full; Please wait ...
2022-05-27T08:26:11.666232Z 0 [Note] InnoDB: File './ibtmp1' size is now 12 MB.
2022-05-27T08:26:11.668800Z 0 [Note] InnoDB: 96 redo rollback segment(s) found. 96 redo rollback segment(s) are active.
2022-05-27T08:26:11.668943Z 0 [Note] InnoDB: 32 non-redo rollback segment(s) are active.
2022-05-27T08:26:11.669788Z 0 [Note] InnoDB: 5.7.38 started; log sequence number 13358397
2022-05-27T08:26:11.670618Z 0 [Note] Plugin 'FEDERATED' is disabled.
2022-05-27T08:26:11.671302Z 0 [Note] InnoDB: Loading buffer pool(s) from /var/lib/mysql/ib_buffer_pool
2022-05-27T08:26:11.697638Z 0 [Note] Found ca.pem, server-cert.pem and server-key.pem in data directory. Trying to enable SSL support using them.
2022-05-27T08:26:11.697765Z 0 [Note] Skipping generation of SSL certificates as certificate files are present in data directory.
2022-05-27T08:26:11.697909Z 0 [Warning] A deprecated TLS version TLSv1 is enabled. Please use TLSv1.2 or higher.
2022-05-27T08:26:11.698151Z 0 [Warning] A deprecated TLS version TLSv1.1 is enabled. Please use TLSv1.2 or higher.
2022-05-27T08:26:11.703319Z 0 [Warning] CA certificate ca.pem is self signed.
2022-05-27T08:26:11.704156Z 0 [Note] Skipping generation of RSA key pair as key files are present in data directory.
2022-05-27T08:26:11.707527Z 0 [Note] Server hostname (bind-address): '*'; port: 3306
2022-05-27T08:26:11.707677Z 0 [Note] IPv6 is available.
2022-05-27T08:26:11.707768Z 0 [Note]   - '::' resolves to '::';
2022-05-27T08:26:11.708004Z 0 [Note] Server socket created on IP: '::'.
2022-05-27T08:26:11.713139Z 0 [Note] InnoDB: Buffer pool(s) load completed at 220527  8:26:11
2022-05-27T08:26:11.718788Z 0 [Warning] Insecure configuration for --pid-file: Location '/var/run/mysqld' in the path is accessible to all OS users. Consider choosing a different directory.
2022-05-27T08:26:11.983587Z 0 [Note] Event Scheduler: Loaded 0 events
2022-05-27T08:26:11.983891Z 0 [Note] /usr/sbin/mysqld: ready for connections.
Version: '5.7.38'  socket: '/var/run/mysqld/mysqld.sock'  port: 3306  MySQL Community Server (GPL)
2022-05-27T08:26:14.890120Z 5 [Note] Access denied for user 'root'@'localhost' (using password: NO)
2022-05-27T08:29:20.194947Z 4 [Note] Aborted connection 4 to db: 'config' user: 'root' host: '172.21.0.3' (Got an error reading communication packets)
2022-05-27T08:30:21.284599Z mysqld_safe Logging to '/var/lib/mysql/c52667b37abc.err'.
2022-05-27T08:30:21.299200Z mysqld_safe Starting mysqld daemon with databases from /var/lib/mysql
2022-05-27T08:30:21.457776Z 0 [Warning] TIMESTAMP with implicit DEFAULT value is deprecated. Please use --explicit_defaults_for_timestamp server option (see documentation for more details).
2022-05-27T08:30:21.462884Z 0 [Note] /usr/sbin/mysqld (mysqld 5.7.38) starting as process 270 ...
2022-05-27T08:30:21.466276Z 0 [Warning] Setting lower_case_table_names=2 because file system for /var/lib/mysql/ is case insensitive
2022-05-27T08:30:21.467705Z 0 [Note] InnoDB: PUNCH HOLE support available
2022-05-27T08:30:21.467973Z 0 [Note] InnoDB: Mutexes and rw_locks use GCC atomic builtins
2022-05-27T08:30:21.468090Z 0 [Note] InnoDB: Uses event mutexes
2022-05-27T08:30:21.468210Z 0 [Note] InnoDB: GCC builtin __atomic_thread_fence() is used for memory barrier
2022-05-27T08:30:21.468321Z 0 [Note] InnoDB: Compressed tables use zlib 1.2.11
2022-05-27T08:30:21.468434Z 0 [Note] InnoDB: Using Linux native AIO
2022-05-27T08:30:21.468669Z 0 [Note] InnoDB: Number of pools: 1
2022-05-27T08:30:21.468831Z 0 [Note] InnoDB: Using CPU crc32 instructions
2022-05-27T08:30:21.469983Z 0 [Note] InnoDB: Initializing buffer pool, total size = 128M, instances = 1, chunk size = 128M
2022-05-27T08:30:21.476191Z 0 [Note] InnoDB: Completed initialization of buffer pool
2022-05-27T08:30:21.478346Z 0 [Note] InnoDB: If the mysqld execution user is authorized, page cleaner thread priority can be changed. See the man page of setpriority().
2022-05-27T08:30:21.501910Z 0 [Note] InnoDB: Highest supported file format is Barracuda.
2022-05-27T08:30:21.511740Z 0 [Note] InnoDB: Log scan progressed past the checkpoint lsn 13358416
2022-05-27T08:30:21.511894Z 0 [Note] InnoDB: Doing recovery: scanned up to log sequence number 13358425
2022-05-27T08:30:21.512027Z 0 [Note] InnoDB: Database was not shutdown normally!
2022-05-27T08:30:21.512154Z 0 [Note] InnoDB: Starting crash recovery.
2022-05-27T08:30:22.093068Z 0 [Note] InnoDB: Removed temporary tablespace data file: "ibtmp1"
2022-05-27T08:30:22.093239Z 0 [Note] InnoDB: Creating shared tablespace for temporary tables
2022-05-27T08:30:22.094520Z 0 [Note] InnoDB: Setting file './ibtmp1' size to 12 MB. Physically writing the file full; Please wait ...
2022-05-27T08:30:22.295327Z 0 [Note] InnoDB: File './ibtmp1' size is now 12 MB.
2022-05-27T08:30:22.297546Z 0 [Note] InnoDB: 96 redo rollback segment(s) found. 96 redo rollback segment(s) are active.
2022-05-27T08:30:22.297652Z 0 [Note] InnoDB: 32 non-redo rollback segment(s) are active.
2022-05-27T08:30:22.298509Z 0 [Note] InnoDB: 5.7.38 started; log sequence number 13358425
2022-05-27T08:30:22.298900Z 0 [Note] Plugin 'FEDERATED' is disabled.
2022-05-27T08:30:22.300043Z 0 [Note] InnoDB: Loading buffer pool(s) from /var/lib/mysql/ib_buffer_pool
2022-05-27T08:30:22.324049Z 0 [Note] Found ca.pem, server-cert.pem and server-key.pem in data directory. Trying to enable SSL support using them.
2022-05-27T08:30:22.324153Z 0 [Note] Skipping generation of SSL certificates as certificate files are present in data directory.
2022-05-27T08:30:22.324332Z 0 [Warning] A deprecated TLS version TLSv1 is enabled. Please use TLSv1.2 or higher.
2022-05-27T08:30:22.324438Z 0 [Warning] A deprecated TLS version TLSv1.1 is enabled. Please use TLSv1.2 or higher.
2022-05-27T08:30:22.329229Z 0 [Warning] CA certificate ca.pem is self signed.
2022-05-27T08:30:22.330215Z 0 [Note] Skipping generation of RSA key pair as key files are present in data directory.
2022-05-27T08:30:22.333317Z 0 [Note] Server hostname (bind-address): '*'; port: 3306
2022-05-27T08:30:22.333431Z 0 [Note] IPv6 is available.
2022-05-27T08:30:22.333551Z 0 [Note]   - '::' resolves to '::';
2022-05-27T08:30:22.333693Z 0 [Note] Server socket created on IP: '::'.
2022-05-27T08:30:22.341032Z 0 [Note] InnoDB: Buffer pool(s) load completed at 220527  8:30:22
2022-05-27T08:30:22.344885Z 0 [Warning] Insecure configuration for --pid-file: Location '/var/run/mysqld' in the path is accessible to all OS users. Consider choosing a different directory.
2022-05-27T08:30:22.624470Z 0 [Note] Event Scheduler: Loaded 0 events
2022-05-27T08:30:22.624777Z 0 [Note] /usr/sbin/mysqld: ready for connections.
Version: '5.7.38'  socket: '/var/run/mysqld/mysqld.sock'  port: 3306  MySQL Community Server (GPL)
2022-05-27T08:30:26.304854Z 5 [Note] Access denied for user 'root'@'localhost' (using password: NO)
2022-05-27T08:30:43.550935Z 4 [Note] Aborted connection 4 to db: 'config' user: 'root' host: '172.21.0.3' (Got an error reading communication packets)
